<?xml version="1.0" encoding="UTF-8"?>
<!-- Generated by org.testng.reporters.JUnitXMLReporter -->
<testsuite hostname="NghiaNguyen-PC" name="Testgoogle" tests="3" failures="1" timestamp="26 Sep 2019 17:14:59 GMT" time="10.931" errors="0">
  <testcase name="testEasy" time="1.439" classname="pk1.Mavenpro4.google"/>
  <testcase name="testEasy2" time="0.032" classname="pk1.Mavenpro4.google">
    <failure type="java.lang.AssertionError" message="expected [true] but found [false]">
      <![CDATA[java.lang.AssertionError: expected [true] but found [false]
	at pk1.Mavenpro4.google.testEasy2(google.java:29)
	at java.util.concurrent.FutureTask.run(Unknown Source)
	at java.util.concurrent.ThreadPoolExecutor.runWorker(Unknown Source)
	at java.util.concurrent.ThreadPoolExecutor$Worker.run(Unknown Source)
	at java.lang.Thread.run(Unknown Source)
... Removed 20 stack frames]]>
    </failure>
  </testcase> <!-- testEasy2 -->
  <testcase name="testEasy3" time="0.038" classname="pk1.Mavenpro4.google"/>
</testsuite> <!-- Testgoogle -->
